C51 COMPILER V9.52.0.0   EEPROM                                                            12/19/2017 08:58:31 PAGE 1   


C51 COMPILER V9.52.0.0, COMPILATION OF MODULE EEPROM
OBJECT MODULE PLACED IN .\Output\eeprom.obj
COMPILER INVOKED BY: D:\Keil_v5\C51\BIN\C51.EXE ..\Hardware\EEPROM\eeprom.c LARGE OPTIMIZE(9,SIZE) BROWSE INCDIR(..\Hard
                    -ware\A8900;..\Hardware\Delay;..\Hardware\EEPROM;..\Hardware\GPIO;..\Hardware\GPS;..\Hardware\MoveData;..\Hardware\Timer;
                    -..\Hardware\UART;..\User;..\Project) DEBUG OBJECTEXTEND PRINT(.\Listings\eeprom.lst) TABS(2) OBJECT(.\Output\eeprom.obj)

line level    source

   1          #include "eeprom.h"
   2          
   3          #define BRT             (65536 - FOSC / 115200 / 4)
   4          
   5          //#define WT_30M          0x80
   6          //#define WT_24M          0x81
   7          //#define WT_20M          0x82
   8          #define WT_12M          0x83
   9          //#define WT_6M           0x84
  10          //#define WT_3M           0x85
  11          //#define WT_2M           0x86
  12          //#define WT_1M           0x87
  13          
  14          
  15          void IapIdle()
  16          {
  17   1          IAP_CONTR = 0;                              //关闭IAP功能
  18   1          IAP_CMD = 0;                                //清除命令寄存器
  19   1          IAP_TRIG = 0;                               //清除触发寄存器
  20   1          IAP_ADDRH = 0x80;                           //将地址设置到非IAP区域
  21   1          IAP_ADDRL = 0;
  22   1      }
  23          
  24          char IapRead(int addr)
  25          {
  26   1          char dat;
  27   1      
  28   1          IAP_CONTR = WT_12M;                         //使能IAP
  29   1          IAP_CMD = 1;                                //设置IAP读命令
  30   1          IAP_ADDRL = addr;                           //设置IAP低地址
  31   1          IAP_ADDRH = addr >> 8;                      //设置IAP高地址
  32   1          IAP_TRIG = 0x5a;                            //写触发命令(0x5a)
  33   1          IAP_TRIG = 0xa5;                            //写触发命令(0xa5)
  34   1          _nop_();
  35   1          dat = IAP_DATA;                             //读IAP数据
  36   1          IapIdle();                                  //关闭IAP功能
  37   1      
  38   1          return dat;
  39   1      }
  40          
  41          void IapProgram(int addr, char dat)
  42          {
  43   1          IAP_CONTR = WT_12M;                         //使能IAP
  44   1          IAP_CMD = 2;                                //设置IAP写命令
  45   1          IAP_ADDRL = addr;                           //设置IAP低地址
  46   1          IAP_ADDRH = addr >> 8;                      //设置IAP高地址
  47   1          IAP_DATA = dat;                             //写IAP数据
  48   1          IAP_TRIG = 0x5a;                            //写触发命令(0x5a)
  49   1          IAP_TRIG = 0xa5;                            //写触发命令(0xa5)
  50   1          _nop_();
  51   1          IapIdle();                                  //关闭IAP功能
  52   1      }
  53          
C51 COMPILER V9.52.0.0   EEPROM                                                            12/19/2017 08:58:31 PAGE 2   

  54          void IapErase(int addr)
  55          {
  56   1          IAP_CONTR = WT_12M;                         //使能IAP
  57   1          IAP_CMD = 3;                                //设置IAP擦除命令
  58   1          IAP_ADDRL = addr;                           //设置IAP低地址
  59   1          IAP_ADDRH = addr >> 8;                      //设置IAP高地址
  60   1          IAP_TRIG = 0x5a;                            //写触发命令(0x5a)
  61   1          IAP_TRIG = 0xa5;                            //写触发命令(0xa5)
  62   1          _nop_();                                    //
  63   1          IapIdle();                                  //关闭IAP功能
  64   1      }
  65          
  66          /*******************************************************************************
  67          * 函数名 : IapReadBuf(*a ,*b ,int addr, char dat ,u8 length)  
  68          * 描述   : 一帧数据addr 读出 length 存到a 
  69          * 输入   :  
  70          * 输出   : 
  71          * 返回   : 
  72          * 注意   : 
  73          *******************************************************************************/
  74          void IapReadBuf(u8 *a ,int addr ,u8 length)  
  75          {
  76   1          u8 i;
  77   1          for(i=0;i<length;i++)
  78   1         {
  79   2             a[i] = IapRead(addr+i);
  80   2          }
  81   1      }
  82          
  83          
  84          /*******************************************************************************
  85          * 函数名 : 
  86          * 描述   : 一帧数据addr 写入 length 存到a 
  87          * 输入   :  
  88          * 输出   : 
  89          * 返回   : 
  90          * 注意   : 
  91          *******************************************************************************/
  92          void IapProgramBuf(u8 *a ,int addr, u8 length)
  93          {
  94   1          u8 i;
  95   1          IapErase(addr);
  96   1          for(i=0;i<length;i++)
  97   1          {    
  98   2             IapProgram(addr+i,a[i]);
  99   2             NOP1();
 100   2          }
 101   1      }
 102          
 103          
 104          


MODULE INFORMATION:   STATIC OVERLAYABLE
   CODE SIZE        =    221    ----
   CONSTANT SIZE    =   ----    ----
   XDATA SIZE       =   ----      14
   PDATA SIZE       =   ----    ----
   DATA SIZE        =   ----    ----
   IDATA SIZE       =   ----    ----
   BIT SIZE         =   ----    ----
END OF MODULE INFORMATION.

C51 COMPILER V9.52.0.0   EEPROM                                                            12/19/2017 08:58:31 PAGE 3   


C51 COMPILATION COMPLETE.  0 WARNING(S),  0 ERROR(S)
