C51 COMPILER V9.52.0.0   MOVEDATA                                                          12/19/2017 08:58:31 PAGE 1   


C51 COMPILER V9.52.0.0, COMPILATION OF MODULE MOVEDATA
OBJECT MODULE PLACED IN .\Output\MoveData.obj
COMPILER INVOKED BY: D:\Keil_v5\C51\BIN\C51.EXE ..\Hardware\MoveData\MoveData.c LARGE OPTIMIZE(9,SIZE) BROWSE INCDIR(..\
                    -Hardware\A8900;..\Hardware\Delay;..\Hardware\EEPROM;..\Hardware\GPIO;..\Hardware\GPS;..\Hardware\MoveData;..\Hardware\Ti
                    -mer;..\Hardware\UART;..\User;..\Project) DEBUG OBJECTEXTEND PRINT(.\Listings\MoveData.lst) TABS(2) OBJECT(.\Output\MoveD
                    -ata.obj)

line level    source

   1          #include "MoveData.h"
   2          #include "user_define.h"
   3          #include "A8900.h"
   4          
   5          //光敏报警  外部中断1下降沿触发
   6          //移动报警  外部中断0下降沿触发
   7          extern struct    //实时时钟数据
   8          {
   9             u16 year;
  10             u8  month;
  11             u8  day;
  12             u8  hour;
  13             u8  min;
  14             u8  sec;
  15          }Time;
  16          u8 Guzhang_Flag=0;                              //上报故障后，标志位清0
  17          u8 GUZHANG=0;                                   //一字节故障标志位  共8个
  18          u8 Cnt_YiDong=0,Cnt_FangChai=0;               //报警记录
  19          extern u8  InterruptFlag;                  //中断唤醒的标志  外部中断唤醒单片机不做操作继续睡眠
  20          extern u8  RemoveAlarm,GuZhang_Start;
  21          void SW_Init(void)
  22          {
  23   1          IT0 = 1;                                    //使能INT0下降沿中断
  24   1          EX0 = 1;                                    //使能INT0中断
  25   1      }
  26          
  27          void Light_Init(void)   //初始化关闭光敏电阻
  28          {
  29   1          IT1 = 0;                                    //使能INT1下降沿中断
  30   1          EX1 = 0;                                    //使能INT1中断
  31   1      }
  32          
  33          void INT0_Isr() interrupt 0 using 1   //外部中断0 移动报警
  34          {
  35   1        InterruptFlag = 1; 
  36   1        Guzhang_Flag=1;
  37   1        Module.alarm[10] |= 0x04 ;  //防拆报警
  38   1        RUNING_LED = 0;
  39   1        if(Module.Status == Flag_In_Wait)
  40   1        {
  41   2          GuZhang_Start = 1;
  42   2          EX0 = 0;
  43   2        }
  44   1        
  45   1        if((RemoveAlarm == 1)&&(Module.Status == Flag_In_Off))  
  46   1        {
  47   2          Module.Status = Flag_In_Uart;
  48   2          
  49   2          Time_wake = 1;
  50   2          RemoveAlarm = 0;
  51   2          EX0 = 0;
  52   2        }
C51 COMPILER V9.52.0.0   MOVEDATA                                                          12/19/2017 08:58:31 PAGE 2   

  53   1      }
  54          
  55          void INT1_Isr() interrupt 2 using 1   //外部中断1 光敏报警  剪线报警 
  56          {  
  57   1       InterruptFlag = 1;
  58   1       Guzhang_Flag=1;
  59   1       Module.alarm[10] |= 0x01 ; //光感报警
  60   1       RUNING_LED = 0;
  61   1       if(Module.Status == Flag_In_Wait)
  62   1        {
  63   2          GuZhang_Start = 1;
  64   2          EX1 = 0;
  65   2        }
  66   1        
  67   1        if((RemoveAlarm == 1)&&(Module.Status == Flag_In_Off))  
  68   1        {
  69   2          Module.Status = Flag_In_Uart;
  70   2            
  71   2          Time_wake = 1;
  72   2          RemoveAlarm = 0;
  73   2        }
  74   1      }
  75          


MODULE INFORMATION:   STATIC OVERLAYABLE
   CODE SIZE        =    182    ----
   CONSTANT SIZE    =   ----    ----
   XDATA SIZE       =      4    ----
   PDATA SIZE       =   ----    ----
   DATA SIZE        =   ----    ----
   IDATA SIZE       =   ----    ----
   BIT SIZE         =   ----    ----
END OF MODULE INFORMATION.


C51 COMPILATION COMPLETE.  0 WARNING(S),  0 ERROR(S)
