C51 COMPILER V9.52.0.0   TIME                                                              12/19/2017 08:58:31 PAGE 1   


C51 COMPILER V9.52.0.0, COMPILATION OF MODULE TIME
OBJECT MODULE PLACED IN .\Output\Time.obj
COMPILER INVOKED BY: D:\Keil_v5\C51\BIN\C51.EXE ..\Hardware\Timer\Time.c LARGE OPTIMIZE(9,SIZE) BROWSE INCDIR(..\Hardwar
                    -e\A8900;..\Hardware\Delay;..\Hardware\EEPROM;..\Hardware\GPIO;..\Hardware\GPS;..\Hardware\MoveData;..\Hardware\Timer;..\
                    -Hardware\UART;..\User;..\Project) DEBUG OBJECTEXTEND PRINT(.\Listings\Time.lst) TABS(2) OBJECT(.\Output\Time.obj)

line level    source

   1          #include  "Time.h"
   2          #include  "user_define.h"
   3          #include  "A8900.h"
   4          
   5          #define ET4             0x40
   6          
   7          sfr     AUXINTIF    =   0xef;
   8          extern u32 Time_wake;
   9          extern u8 Heart_beat;
  10          extern void Get_RTC(void);  //模拟RTC时钟
  11          u32 HuiChuan;
  12          u8 Hui_Chuan;
  13          u8 CloseFlag = 0;
  14          extern struct    //实时时钟数据
  15          {
  16            u16 year;
  17            u8  month;
  18            u8  day;
  19            u8  hour;
  20            u8  min;
  21            u8  sec;
  22          }Time;
  23          
  24          void Timer4Init(void)   //50毫秒@11.0592MHz
  25          {
  26   1        T4T3M &= 0xDF;    //定时器时钟12T模式
  27   1        T4L = 0x00;       //设置定时初值
  28   1        T4H = 0x4C;       //设置定时初值
  29   1        //T4T3M |= 0x80;    //定时器4开始计时
  30   1        //IE2   |= 0x40;    //打开定时器4中断 
  31   1        T4T3M &= 0x7F;    //关闭定时器4
  32   1        IE2   &= 0xBF;    //关闭定时器4中断
  33   1      }
  34          
  35          void Timer3Init(void)   //1ms@11.0592MHz
  36          {
  37   1        T4T3M &= 0xFD;    //定时器时钟12T模式
  38   1        T3L = 0xCD;   //设置定时初值
  39   1        T3H = 0xD4;   //设置定时初值
  40   1        T4T3M |= 0x08;    //定时器3打开计时
  41   1        IE2   |= 0x20;    //使能定时器中断
  42   1        AUXINTIF &= ~0x02;//清中断标志
  43   1      }
  44          
  45          
  46          void TM3_Isr() interrupt 19 using 1  //1ms超时定时器
  47          {
  48   1        
  49   1        T3L = 0xCD;   //设置定时初值
  50   1        T3H = 0xD4;   //设置定时初值
  51   1      
  52   1        if(Uart2_RXD_Chaoshi != 0)
  53   1        {
C51 COMPILER V9.52.0.0   TIME                                                              12/19/2017 08:58:31 PAGE 2   

  54   2          Uart2_RXD_Chaoshi--;
  55   2          if(Uart2_RXD_Chaoshi == 0)
  56   2          {
  57   3            UART2_RXD_FLAG = 1; 
  58   3            First_Int = 0;             //接收字符串的起始存储位置
  59   3            Buf2Temp(); 
  60   3          }
  61   2        }
  62   1        AUXINTIF &= ~0x02;  //清中断标志
  63   1      }
  64          
  65          
  66          void TM4_Isr() interrupt 20 using 1
  67          {
  68   1          Time_wake++;
  69   1          Heartbeat++;
  70   1          HuiChuan++;
  71   1          if(Heartbeat > (Module.HeartTime*20))  //发送心跳帧 
  72   1          {
  73   2            Heartbeat=0;
  74   2            Heart_beat=1;
  75   2          }       
  76   1          if(Time_wake == (Module.OpenTime-7)*20) //关机前下线 关闭连接
  77   1          {
  78   2            CloseFlag = 1;
  79   2          }
  80   1          if(Time_wake > (Module.OpenTime*20))       
  81   1          { 
  82   2            Module.OpenTime = (EEPROM_Data[13]*256) + EEPROM_Data[14];
  83   2            Time_wake=0;    
  84   2                
  85   2            T4T3M &= 0x7F;    //关闭定时器4
  86   2            Module.Status = Flag_In_Off;
  87   2            Time.min = Time.min +1;     
  88   2          }
  89   1          AUXINTIF &= ~0x04;                          //清中断标志
  90   1      }


MODULE INFORMATION:   STATIC OVERLAYABLE
   CODE SIZE        =    334    ----
   CONSTANT SIZE    =   ----    ----
   XDATA SIZE       =      6    ----
   PDATA SIZE       =   ----    ----
   DATA SIZE        =   ----    ----
   IDATA SIZE       =   ----    ----
   BIT SIZE         =   ----    ----
END OF MODULE INFORMATION.


C51 COMPILATION COMPLETE.  0 WARNING(S),  0 ERROR(S)
